[2018-04-29 08:33:00,020][Dummy-1:7468][task_id:django.db.backends][utils.py:89] [DEBUG]- (0.001) SET SQL_AUTO_IS_NULL = 0; args=None
[2018-04-29 08:33:01,986][Dummy-1:7468][task_id:django.db.backends][utils.py:89] [DEBUG]- (0.000) SET SQL_AUTO_IS_NULL = 0; args=None
[2018-04-29 08:33:02,003][Dummy-1:7468][task_id:django.db.backends][utils.py:89] [DEBUG]- (0.015) SHOW FULL TABLES; args=None
[2018-04-29 08:33:02,036][Dummy-1:7468][task_id:django.db.backends][utils.py:89] [DEBUG]- (0.005) SELECT `django_migrations`.`app`, `django_migrations`.`name` FROM `django_migrations`; args=()
[2018-04-29 08:33:05,948][Thread-2:7904][task_id:django.db.backends][utils.py:89] [DEBUG]- (0.000) SET SQL_AUTO_IS_NULL = 0; args=None
[2018-04-29 08:33:05,950][Thread-2:7904][task_id:django.db.backends][utils.py:89] [DEBUG]- (0.001) SELECT `index_nav`.`id`, `index_nav`.`firstNavName`, `index_nav`.`firstNavUrl`, `index_nav`.`firstNavIconName`, `index_nav`.`secondNavName`, `index_nav`.`secondNavUrl`, `index_nav`.`thirdNavName`, `index_nav`.`thirdNavUrl` FROM `index_nav`; args=()
[2018-04-29 08:33:11,227][Thread-5:7888][task_id:django.db.backends][utils.py:89] [DEBUG]- (0.000) SET SQL_AUTO_IS_NULL = 0; args=None
[2018-04-29 08:33:11,229][Thread-5:7888][task_id:django.db.backends][utils.py:89] [DEBUG]- (0.001) SELECT `index_nav`.`id`, `index_nav`.`firstNavName`, `index_nav`.`firstNavUrl`, `index_nav`.`firstNavIconName`, `index_nav`.`secondNavName`, `index_nav`.`secondNavUrl`, `index_nav`.`thirdNavName`, `index_nav`.`thirdNavUrl` FROM `index_nav`; args=()
[2018-04-29 08:33:11,818][Thread-6:7912][task_id:django.db.backends][utils.py:89] [DEBUG]- (0.000) SET SQL_AUTO_IS_NULL = 0; args=None
[2018-04-29 08:33:11,825][Thread-6:7912][task_id:django.db.backends][utils.py:89] [DEBUG]- (0.007) select * from `wo_jenkins_services` where `is_del`=0;; args=None
[2018-04-29 08:33:23,996][Thread-11:5504][task_id:django.db.backends][utils.py:89] [DEBUG]- (0.000) SET SQL_AUTO_IS_NULL = 0; args=None
[2018-04-29 08:33:23,997][Thread-11:5504][task_id:django.db.backends][utils.py:89] [DEBUG]- (0.001) SELECT `index_nav`.`id`, `index_nav`.`firstNavName`, `index_nav`.`firstNavUrl`, `index_nav`.`firstNavIconName`, `index_nav`.`secondNavName`, `index_nav`.`secondNavUrl`, `index_nav`.`thirdNavName`, `index_nav`.`thirdNavUrl` FROM `index_nav`; args=()
[2018-04-29 08:33:27,553][Thread-12:1696][task_id:django.db.backends][utils.py:89] [DEBUG]- (0.000) SET SQL_AUTO_IS_NULL = 0; args=None
[2018-04-29 08:33:27,559][Thread-12:1696][task_id:django.db.backends][utils.py:89] [DEBUG]- (0.004) select * from `wo_jenkins_services` where `is_del`=0;; args=None
[2018-04-29 08:33:30,773][Thread-13:5384][task_id:django.db.backends][utils.py:89] [DEBUG]- (0.000) SET SQL_AUTO_IS_NULL = 0; args=None
[2018-04-29 08:33:30,773][Thread-13:5384][task_id:django.db.backends][utils.py:89] [DEBUG]- (0.000) SELECT `index_nav`.`id`, `index_nav`.`firstNavName`, `index_nav`.`firstNavUrl`, `index_nav`.`firstNavIconName`, `index_nav`.`secondNavName`, `index_nav`.`secondNavUrl`, `index_nav`.`thirdNavName`, `index_nav`.`thirdNavUrl` FROM `index_nav`; args=()
[2018-04-29 08:33:31,016][Thread-14:5856][task_id:django.db.backends][utils.py:89] [DEBUG]- (0.000) SET SQL_AUTO_IS_NULL = 0; args=None
[2018-04-29 08:33:31,019][Thread-14:5856][task_id:django.db.backends][utils.py:89] [DEBUG]- (0.003) select * from `wo_jenkins_services` where `is_del`=0;; args=None
[2018-04-29 08:33:34,160][Thread-15:5992][task_id:django.db.backends][utils.py:89] [DEBUG]- (0.000) SET SQL_AUTO_IS_NULL = 0; args=None
[2018-04-29 08:33:34,161][Thread-15:5992][task_id:django.db.backends][utils.py:89] [DEBUG]- (0.001) SELECT `index_nav`.`id`, `index_nav`.`firstNavName`, `index_nav`.`firstNavUrl`, `index_nav`.`firstNavIconName`, `index_nav`.`secondNavName`, `index_nav`.`secondNavUrl`, `index_nav`.`thirdNavName`, `index_nav`.`thirdNavUrl` FROM `index_nav`; args=()
[2018-04-29 08:33:41,453][Thread-33:6904][task_id:django.db.backends][utils.py:89] [DEBUG]- (0.000) SET SQL_AUTO_IS_NULL = 0; args=None
[2018-04-29 08:33:41,454][Thread-33:6904][task_id:django.db.backends][utils.py:89] [DEBUG]- (0.001) SELECT `index_nav`.`id`, `index_nav`.`firstNavName`, `index_nav`.`firstNavUrl`, `index_nav`.`firstNavIconName`, `index_nav`.`secondNavName`, `index_nav`.`secondNavUrl`, `index_nav`.`thirdNavName`, `index_nav`.`thirdNavUrl` FROM `index_nav`; args=()
[2018-04-29 08:33:42,213][Thread-35:3904][task_id:django.db.backends][utils.py:89] [DEBUG]- (0.000) SET SQL_AUTO_IS_NULL = 0; args=None
[2018-04-29 08:33:42,214][Thread-35:3904][task_id:django.db.backends][utils.py:89] [DEBUG]- (0.001) SELECT `wo_version_check_history`.`id`, `wo_version_check_history`.`ctime`, `wo_version_check_history`.`excel_name`, `wo_version_check_history`.`mtime`, `wo_version_check_history`.`check_count`, `wo_version_check_history`.`file_exists_status`, `wo_version_check_history`.`tar_status`, `wo_version_check_history`.`excel_datas`, `wo_version_check_history`.`is_del`, `wo_version_check_history`.`creator` FROM `wo_version_check_history`; args=()
[2018-04-29 08:33:42,289][Thread-35:3904][task_id:django.db.backends][utils.py:89] [DEBUG]- (0.001) SELECT `wo_version_check_history`.`id`, `wo_version_check_history`.`ctime`, `wo_version_check_history`.`excel_name`, `wo_version_check_history`.`mtime`, `wo_version_check_history`.`check_count`, `wo_version_check_history`.`file_exists_status`, `wo_version_check_history`.`tar_status`, `wo_version_check_history`.`excel_datas`, `wo_version_check_history`.`is_del`, `wo_version_check_history`.`creator` FROM `wo_version_check_history` LIMIT 21; args=()
[2018-04-29 08:33:42,290][Thread-35:3904][task_id:django.db.backends][utils.py:89] [DEBUG]- (0.001) SELECT `wo_version_check_history`.`id`, `wo_version_check_history`.`ctime`, `wo_version_check_history`.`excel_name`, `wo_version_check_history`.`mtime`, `wo_version_check_history`.`check_count`, `wo_version_check_history`.`file_exists_status`, `wo_version_check_history`.`tar_status`, `wo_version_check_history`.`excel_datas`, `wo_version_check_history`.`is_del`, `wo_version_check_history`.`creator` FROM `wo_version_check_history` LIMIT 21; args=()
[2018-04-29 08:33:42,292][Thread-35:3904][task_id:django.db.backends][utils.py:89] [DEBUG]- (0.000) SELECT `wo_version_check_history`.`id`, `wo_version_check_history`.`ctime`, `wo_version_check_history`.`excel_name`, `wo_version_check_history`.`mtime`, `wo_version_check_history`.`check_count`, `wo_version_check_history`.`file_exists_status`, `wo_version_check_history`.`tar_status`, `wo_version_check_history`.`excel_datas`, `wo_version_check_history`.`is_del`, `wo_version_check_history`.`creator` FROM `wo_version_check_history` LIMIT 21; args=()
[2018-04-29 08:33:42,292][Thread-35:3904][task_id:django.db.backends][utils.py:89] [DEBUG]- (0.001) SELECT `wo_version_check_history`.`id`, `wo_version_check_history`.`ctime`, `wo_version_check_history`.`excel_name`, `wo_version_check_history`.`mtime`, `wo_version_check_history`.`check_count`, `wo_version_check_history`.`file_exists_status`, `wo_version_check_history`.`tar_status`, `wo_version_check_history`.`excel_datas`, `wo_version_check_history`.`is_del`, `wo_version_check_history`.`creator` FROM `wo_version_check_history` LIMIT 21; args=()
[2018-04-29 08:33:48,463][Thread-37:7276][task_id:django.db.backends][utils.py:89] [DEBUG]- (0.001) SET SQL_AUTO_IS_NULL = 0; args=None
[2018-04-29 08:33:48,463][Thread-37:7276][task_id:django.db.backends][utils.py:89] [DEBUG]- (0.001) SELECT `index_nav`.`id`, `index_nav`.`firstNavName`, `index_nav`.`firstNavUrl`, `index_nav`.`firstNavIconName`, `index_nav`.`secondNavName`, `index_nav`.`secondNavUrl`, `index_nav`.`thirdNavName`, `index_nav`.`thirdNavUrl` FROM `index_nav`; args=()
[2018-04-29 08:33:51,125][Thread-38:7208][task_id:django.db.backends][utils.py:89] [DEBUG]- (0.000) SET SQL_AUTO_IS_NULL = 0; args=None
[2018-04-29 08:33:51,127][Thread-38:7208][task_id:django.db.backends][utils.py:89] [DEBUG]- (0.000) SELECT `wo_version_check_history`.`id`, `wo_version_check_history`.`ctime`, `wo_version_check_history`.`excel_name`, `wo_version_check_history`.`mtime`, `wo_version_check_history`.`check_count`, `wo_version_check_history`.`file_exists_status`, `wo_version_check_history`.`tar_status`, `wo_version_check_history`.`excel_datas`, `wo_version_check_history`.`is_del`, `wo_version_check_history`.`creator` FROM `wo_version_check_history`; args=()
[2018-04-29 08:33:51,193][Thread-38:7208][task_id:django.db.backends][utils.py:89] [DEBUG]- (0.001) SELECT `wo_version_check_history`.`id`, `wo_version_check_history`.`ctime`, `wo_version_check_history`.`excel_name`, `wo_version_check_history`.`mtime`, `wo_version_check_history`.`check_count`, `wo_version_check_history`.`file_exists_status`, `wo_version_check_history`.`tar_status`, `wo_version_check_history`.`excel_datas`, `wo_version_check_history`.`is_del`, `wo_version_check_history`.`creator` FROM `wo_version_check_history` LIMIT 21; args=()
[2018-04-29 08:33:51,194][Thread-38:7208][task_id:django.db.backends][utils.py:89] [DEBUG]- (0.001) SELECT `wo_version_check_history`.`id`, `wo_version_check_history`.`ctime`, `wo_version_check_history`.`excel_name`, `wo_version_check_history`.`mtime`, `wo_version_check_history`.`check_count`, `wo_version_check_history`.`file_exists_status`, `wo_version_check_history`.`tar_status`, `wo_version_check_history`.`excel_datas`, `wo_version_check_history`.`is_del`, `wo_version_check_history`.`creator` FROM `wo_version_check_history` LIMIT 21; args=()
[2018-04-29 08:33:51,196][Thread-38:7208][task_id:django.db.backends][utils.py:89] [DEBUG]- (0.000) SELECT `wo_version_check_history`.`id`, `wo_version_check_history`.`ctime`, `wo_version_check_history`.`excel_name`, `wo_version_check_history`.`mtime`, `wo_version_check_history`.`check_count`, `wo_version_check_history`.`file_exists_status`, `wo_version_check_history`.`tar_status`, `wo_version_check_history`.`excel_datas`, `wo_version_check_history`.`is_del`, `wo_version_check_history`.`creator` FROM `wo_version_check_history` LIMIT 21; args=()
[2018-04-29 08:33:51,197][Thread-38:7208][task_id:django.db.backends][utils.py:89] [DEBUG]- (0.000) SELECT `wo_version_check_history`.`id`, `wo_version_check_history`.`ctime`, `wo_version_check_history`.`excel_name`, `wo_version_check_history`.`mtime`, `wo_version_check_history`.`check_count`, `wo_version_check_history`.`file_exists_status`, `wo_version_check_history`.`tar_status`, `wo_version_check_history`.`excel_datas`, `wo_version_check_history`.`is_del`, `wo_version_check_history`.`creator` FROM `wo_version_check_history` LIMIT 21; args=()
[2018-04-29 08:34:00,084][Thread-40:3932][task_id:django.db.backends][utils.py:89] [DEBUG]- (0.000) SET SQL_AUTO_IS_NULL = 0; args=None
[2018-04-29 08:34:00,085][Thread-40:3932][task_id:django.db.backends][utils.py:89] [DEBUG]- (0.001) SELECT `index_nav`.`id`, `index_nav`.`firstNavName`, `index_nav`.`firstNavUrl`, `index_nav`.`firstNavIconName`, `index_nav`.`secondNavName`, `index_nav`.`secondNavUrl`, `index_nav`.`thirdNavName`, `index_nav`.`thirdNavUrl` FROM `index_nav`; args=()
[2018-04-29 08:34:00,431][Thread-41:6184][task_id:django.db.backends][utils.py:89] [DEBUG]- (0.001) SET SQL_AUTO_IS_NULL = 0; args=None
[2018-04-29 08:34:00,431][Thread-41:6184][task_id:django.db.backends][utils.py:89] [DEBUG]- (0.000) SELECT `wo_version_check_history`.`id`, `wo_version_check_history`.`ctime`, `wo_version_check_history`.`excel_name`, `wo_version_check_history`.`mtime`, `wo_version_check_history`.`check_count`, `wo_version_check_history`.`file_exists_status`, `wo_version_check_history`.`tar_status`, `wo_version_check_history`.`excel_datas`, `wo_version_check_history`.`is_del`, `wo_version_check_history`.`creator` FROM `wo_version_check_history`; args=()
[2018-04-29 08:34:00,457][Thread-41:6184][task_id:django.db.backends][utils.py:89] [DEBUG]- (0.001) SELECT `wo_version_check_history`.`id`, `wo_version_check_history`.`ctime`, `wo_version_check_history`.`excel_name`, `wo_version_check_history`.`mtime`, `wo_version_check_history`.`check_count`, `wo_version_check_history`.`file_exists_status`, `wo_version_check_history`.`tar_status`, `wo_version_check_history`.`excel_datas`, `wo_version_check_history`.`is_del`, `wo_version_check_history`.`creator` FROM `wo_version_check_history` LIMIT 21; args=()
[2018-04-29 08:34:00,460][Thread-41:6184][task_id:django.db.backends][utils.py:89] [DEBUG]- (0.001) SELECT `wo_version_check_history`.`id`, `wo_version_check_history`.`ctime`, `wo_version_check_history`.`excel_name`, `wo_version_check_history`.`mtime`, `wo_version_check_history`.`check_count`, `wo_version_check_history`.`file_exists_status`, `wo_version_check_history`.`tar_status`, `wo_version_check_history`.`excel_datas`, `wo_version_check_history`.`is_del`, `wo_version_check_history`.`creator` FROM `wo_version_check_history` LIMIT 21; args=()
[2018-04-29 08:34:00,461][Thread-41:6184][task_id:django.db.backends][utils.py:89] [DEBUG]- (0.000) SELECT `wo_version_check_history`.`id`, `wo_version_check_history`.`ctime`, `wo_version_check_history`.`excel_name`, `wo_version_check_history`.`mtime`, `wo_version_check_history`.`check_count`, `wo_version_check_history`.`file_exists_status`, `wo_version_check_history`.`tar_status`, `wo_version_check_history`.`excel_datas`, `wo_version_check_history`.`is_del`, `wo_version_check_history`.`creator` FROM `wo_version_check_history` LIMIT 21; args=()
[2018-04-29 08:34:00,463][Thread-41:6184][task_id:django.db.backends][utils.py:89] [DEBUG]- (0.001) SELECT `wo_version_check_history`.`id`, `wo_version_check_history`.`ctime`, `wo_version_check_history`.`excel_name`, `wo_version_check_history`.`mtime`, `wo_version_check_history`.`check_count`, `wo_version_check_history`.`file_exists_status`, `wo_version_check_history`.`tar_status`, `wo_version_check_history`.`excel_datas`, `wo_version_check_history`.`is_del`, `wo_version_check_history`.`creator` FROM `wo_version_check_history` LIMIT 21; args=()
[2018-04-29 08:34:02,970][Thread-43:2984][task_id:django.db.backends][utils.py:89] [DEBUG]- (0.000) SET SQL_AUTO_IS_NULL = 0; args=None
[2018-04-29 08:34:02,970][Thread-43:2984][task_id:django.db.backends][utils.py:89] [DEBUG]- (0.001) SELECT `index_nav`.`id`, `index_nav`.`firstNavName`, `index_nav`.`firstNavUrl`, `index_nav`.`firstNavIconName`, `index_nav`.`secondNavName`, `index_nav`.`secondNavUrl`, `index_nav`.`thirdNavName`, `index_nav`.`thirdNavUrl` FROM `index_nav`; args=()
[2018-04-29 08:34:03,223][Thread-44:6800][task_id:django.db.backends][utils.py:89] [DEBUG]- (0.001) SET SQL_AUTO_IS_NULL = 0; args=None
[2018-04-29 08:34:03,226][Thread-44:6800][task_id:django.db.backends][utils.py:89] [DEBUG]- (0.003) select * from `wo_jenkins_services` where `is_del`=0;; args=None
[2018-04-29 08:34:24,755][Thread-45:7356][task_id:django.db.backends][utils.py:89] [DEBUG]- (0.001) SET SQL_AUTO_IS_NULL = 0; args=None
[2018-04-29 08:34:24,757][Thread-45:7356][task_id:django.db.backends][utils.py:89] [DEBUG]- (0.001) SET SQL_AUTO_IS_NULL = 0; args=None
[2018-04-29 08:34:24,759][Thread-45:7356][task_id:django.db.backends][utils.py:89] [DEBUG]- (0.001) SELECT `wo_jenkins_services`.`id`, `wo_jenkins_services`.`service_name`, `wo_jenkins_services`.`locate_service_name`, `wo_jenkins_services`.`project_name`, `wo_jenkins_services`.`service_app_name`, `wo_jenkins_services`.`is_bin`, `wo_jenkins_services`.`is_config`, `wo_jenkins_services`.`sup_group`, `wo_jenkins_services`.`suffix`, `wo_jenkins_services`.`service_dir`, `wo_jenkins_services`.`ctime`, `wo_jenkins_services`.`mtime`, `wo_jenkins_services`.`is_del` FROM `wo_jenkins_services` WHERE `wo_jenkins_services`.`id` = 6 LIMIT 1; args=(6,)
[2018-04-29 08:34:25,005][Thread-46:7976][task_id:django.db.backends][utils.py:89] [DEBUG]- (0.001) SET SQL_AUTO_IS_NULL = 0; args=None
[2018-04-29 08:34:25,006][Thread-46:7976][task_id:django.db.backends][utils.py:89] [DEBUG]- (0.001) SELECT `wo_supervisor_group`.`id`, `wo_supervisor_group`.`supervisor_group_name`, `wo_supervisor_group`.`is_del` FROM `wo_supervisor_group`; args=()
[2018-04-29 08:34:37,785][Thread-48:7272][task_id:django.db.backends][utils.py:89] [DEBUG]- (0.001) SET SQL_AUTO_IS_NULL = 0; args=None
[2018-04-29 08:34:37,845][Thread-48:7272][task_id:django.db.backends][utils.py:89] [DEBUG]- (0.060) update wo_jenkins_services set project_name='nh',suffix='No',locate_service_name='health-promotion-dental-gateway',service_name='health-promotion-dental-gateway',is_bin='1',service_dir='/usr/local/wesure',is_config='0',service_app_name='app',sup_group='No',mtime='2018-04-29 08:34:37' where id='6';; args=None
[2018-04-29 08:34:38,055][Thread-49:7364][task_id:django.db.backends][utils.py:89] [DEBUG]- (0.000) SET SQL_AUTO_IS_NULL = 0; args=None
[2018-04-29 08:34:38,055][Thread-49:7364][task_id:django.db.backends][utils.py:89] [DEBUG]- (0.000) SELECT `index_nav`.`id`, `index_nav`.`firstNavName`, `index_nav`.`firstNavUrl`, `index_nav`.`firstNavIconName`, `index_nav`.`secondNavName`, `index_nav`.`secondNavUrl`, `index_nav`.`thirdNavName`, `index_nav`.`thirdNavUrl` FROM `index_nav`; args=()
[2018-04-29 08:34:38,384][Thread-50:6492][task_id:django.db.backends][utils.py:89] [DEBUG]- (0.000) SET SQL_AUTO_IS_NULL = 0; args=None
[2018-04-29 08:34:38,388][Thread-50:6492][task_id:django.db.backends][utils.py:89] [DEBUG]- (0.004) select * from `wo_jenkins_services` where `is_del`=0;; args=None
[2018-04-29 08:35:01,397][Thread-51:7228][task_id:django.db.backends][utils.py:89] [DEBUG]- (0.000) SET SQL_AUTO_IS_NULL = 0; args=None
[2018-04-29 08:35:01,437][Thread-51:7228][task_id:django.db.backends][utils.py:89] [DEBUG]- (0.039) update wo_jenkins_services set `is_del`='1' where id in (12);; args=None
[2018-04-29 08:35:01,648][Thread-52:6412][task_id:django.db.backends][utils.py:89] [DEBUG]- (0.000) SET SQL_AUTO_IS_NULL = 0; args=None
[2018-04-29 08:35:01,651][Thread-52:6412][task_id:django.db.backends][utils.py:89] [DEBUG]- (0.003) select * from `wo_jenkins_services` where `is_del`=0;; args=None
[2018-04-29 08:35:10,611][Thread-53:7432][task_id:django.db.backends][utils.py:89] [DEBUG]- (0.000) SET SQL_AUTO_IS_NULL = 0; args=None
[2018-04-29 08:35:10,612][Thread-53:7432][task_id:django.db.backends][utils.py:89] [DEBUG]- (0.001) SELECT `wo_jenkins_services`.`service_name` FROM `wo_jenkins_services`; args=()
[2018-04-29 08:35:14,293][Thread-54:5172][task_id:django.db.backends][utils.py:89] [DEBUG]- (0.000) SET SQL_AUTO_IS_NULL = 0; args=None
[2018-04-29 08:35:14,295][Thread-54:5172][task_id:django.db.backends][utils.py:89] [DEBUG]- (0.000) select * from `wo_jenkins_services` where `service_name` in ('carmgrdata') and `is_del`=0  order by `id` asc;; args=None
[2018-04-29 08:40:35,230][Thread-56:7428][task_id:django.db.backends][utils.py:89] [DEBUG]- (0.000) SET SQL_AUTO_IS_NULL = 0; args=None
[2018-04-29 08:40:35,232][Thread-56:7428][task_id:django.db.backends][utils.py:89] [DEBUG]- (0.001) SELECT `index_nav`.`id`, `index_nav`.`firstNavName`, `index_nav`.`firstNavUrl`, `index_nav`.`firstNavIconName`, `index_nav`.`secondNavName`, `index_nav`.`secondNavUrl`, `index_nav`.`thirdNavName`, `index_nav`.`thirdNavUrl` FROM `index_nav`; args=()
[2018-04-29 08:40:35,739][Thread-57:6896][task_id:django.db.backends][utils.py:89] [DEBUG]- (0.000) SET SQL_AUTO_IS_NULL = 0; args=None
[2018-04-29 08:40:35,742][Thread-57:6896][task_id:django.db.backends][utils.py:89] [DEBUG]- (0.003) select * from `wo_jenkins_services` where `is_del`=0;; args=None
[2018-04-29 08:40:51,223][Thread-58:5436][task_id:django.db.backends][utils.py:89] [DEBUG]- (0.000) SET SQL_AUTO_IS_NULL = 0; args=None
[2018-04-29 08:40:51,226][Thread-58:5436][task_id:django.db.backends][utils.py:89] [DEBUG]- (0.001) SELECT `index_nav`.`id`, `index_nav`.`firstNavName`, `index_nav`.`firstNavUrl`, `index_nav`.`firstNavIconName`, `index_nav`.`secondNavName`, `index_nav`.`secondNavUrl`, `index_nav`.`thirdNavName`, `index_nav`.`thirdNavUrl` FROM `index_nav`; args=()
[2018-04-29 08:40:55,467][Thread-59:8092][task_id:django.db.backends][utils.py:89] [DEBUG]- (0.000) SET SQL_AUTO_IS_NULL = 0; args=None
[2018-04-29 08:40:55,467][Thread-59:8092][task_id:django.db.backends][utils.py:89] [DEBUG]- (0.000) SELECT `index_nav`.`id`, `index_nav`.`firstNavName`, `index_nav`.`firstNavUrl`, `index_nav`.`firstNavIconName`, `index_nav`.`secondNavName`, `index_nav`.`secondNavUrl`, `index_nav`.`thirdNavName`, `index_nav`.`thirdNavUrl` FROM `index_nav`; args=()
[2018-04-29 09:22:08,022][Thread-60:4908][task_id:django.db.backends][utils.py:89] [DEBUG]- (0.000) SET SQL_AUTO_IS_NULL = 0; args=None
[2018-04-29 09:22:08,023][Thread-60:4908][task_id:django.db.backends][utils.py:89] [DEBUG]- (0.001) SELECT `index_nav`.`id`, `index_nav`.`firstNavName`, `index_nav`.`firstNavUrl`, `index_nav`.`firstNavIconName`, `index_nav`.`secondNavName`, `index_nav`.`secondNavUrl`, `index_nav`.`thirdNavName`, `index_nav`.`thirdNavUrl` FROM `index_nav`; args=()
[2018-04-29 09:39:44,381][Thread-66:6256][task_id:django.db.backends][utils.py:89] [DEBUG]- (0.000) SET SQL_AUTO_IS_NULL = 0; args=None
[2018-04-29 09:39:44,382][Thread-66:6256][task_id:django.db.backends][utils.py:89] [DEBUG]- (0.001) SELECT `index_nav`.`id`, `index_nav`.`firstNavName`, `index_nav`.`firstNavUrl`, `index_nav`.`firstNavIconName`, `index_nav`.`secondNavName`, `index_nav`.`secondNavUrl`, `index_nav`.`thirdNavName`, `index_nav`.`thirdNavUrl` FROM `index_nav`; args=()
